# zsim stats
===
root: # Stats
 contention: # Contention simulation stats
  domain-0: # Domain stats
   time: 1643380 # Weave simulation time
 time: # Simulator time breakdown
  init: 6646242125
  bound: 5392296377
  weave: 44540987
  ff: 116407791
 trigger: 20000 # Reason for this stats dump
 phase: 169 # Simulated phases
 core: # Core stats
  core-0: # Core stats
   cycles: 1344619 # Simulated unhalted cycles
   cCycles: 0 # Cycles due to contention stalls
   instrs: 990327 # Simulated instructions
   uops: 1273287 # Retired micro-ops
   bbls: 274183 # Basic blocks
   approxInstrs: 307 # Instrs with approx uop decoding
   mispredBranches: 0 # Mispredicted branches
  core-1: # Core stats
   cycles: 1291087 # Simulated unhalted cycles
   cCycles: 0 # Cycles due to contention stalls
   instrs: 928685 # Simulated instructions
   uops: 1191213 # Retired micro-ops
   bbls: 262485 # Basic blocks
   approxInstrs: 200 # Instrs with approx uop decoding
   mispredBranches: 0 # Mispredicted branches
  core-2: # Core stats
   cycles: 1464884 # Simulated unhalted cycles
   cCycles: 0 # Cycles due to contention stalls
   instrs: 1047743 # Simulated instructions
   uops: 1343809 # Retired micro-ops
   bbls: 297118 # Basic blocks
   approxInstrs: 297 # Instrs with approx uop decoding
   mispredBranches: 0 # Mispredicted branches
  core-3: # Core stats
   cycles: 1370490 # Simulated unhalted cycles
   cCycles: 0 # Cycles due to contention stalls
   instrs: 981274 # Simulated instructions
   uops: 1258198 # Retired micro-ops
   bbls: 278265 # Basic blocks
   approxInstrs: 290 # Instrs with approx uop decoding
   mispredBranches: 0 # Mispredicted branches
 l1d: # Cache stats
  l1d-0: # Filter cache stats
   fhGETS: 144953 # Filtered GETS hits
   fhGETX: 14378 # Filtered GETX hits
   hGETS: 5634 # GETS hits
   hGETX: 2998 # GETX hits
   mGETS: 702 # GETS misses
   mGETXIM: 425 # GETX I->M misses
   mGETXSM: 834 # GETX S->M misses (upgrade misses)
   PUTS: 0 # Clean evictions (from lower level)
   PUTX: 0 # Dirty evictions (from lower level)
   INV: 919 # Invalidates (from upper level)
   INVX: 969 # Downgrades (from upper level)
   FWD: 0 # Forwards (from upper level)
   latGETnl: 7483 # GET request latency on next level
   latGETnet: 0 # GET request latency on network to next level
  l1d-1: # Filter cache stats
   fhGETS: 133952 # Filtered GETS hits
   fhGETX: 5115 # Filtered GETX hits
   hGETS: 2383 # GETS hits
   hGETX: 570 # GETX hits
   mGETS: 934 # GETS misses
   mGETXIM: 373 # GETX I->M misses
   mGETXSM: 507 # GETX S->M misses (upgrade misses)
   PUTS: 0 # Clean evictions (from lower level)
   PUTX: 0 # Dirty evictions (from lower level)
   INV: 1190 # Invalidates (from upper level)
   INVX: 562 # Downgrades (from upper level)
   FWD: 0 # Forwards (from upper level)
   latGETnl: 6634 # GET request latency on next level
   latGETnet: 0 # GET request latency on network to next level
  l1d-2: # Filter cache stats
   fhGETS: 150432 # Filtered GETS hits
   fhGETX: 3877 # Filtered GETX hits
   hGETS: 1993 # GETS hits
   hGETX: 352 # GETX hits
   mGETS: 956 # GETS misses
   mGETXIM: 277 # GETX I->M misses
   mGETXSM: 486 # GETX S->M misses (upgrade misses)
   PUTS: 0 # Clean evictions (from lower level)
   PUTX: 0 # Dirty evictions (from lower level)
   INV: 1090 # Invalidates (from upper level)
   INVX: 465 # Downgrades (from upper level)
   FWD: 0 # Forwards (from upper level)
   latGETnl: 6209 # GET request latency on next level
   latGETnet: 0 # GET request latency on network to next level
  l1d-3: # Filter cache stats
   fhGETS: 140870 # Filtered GETS hits
   fhGETX: 3633 # Filtered GETX hits
   hGETS: 1943 # GETS hits
   hGETX: 303 # GETX hits
   mGETS: 949 # GETS misses
   mGETXIM: 249 # GETX I->M misses
   mGETXSM: 477 # GETX S->M misses (upgrade misses)
   PUTS: 0 # Clean evictions (from lower level)
   PUTX: 0 # Dirty evictions (from lower level)
   INV: 1071 # Invalidates (from upper level)
   INVX: 449 # Downgrades (from upper level)
   FWD: 0 # Forwards (from upper level)
   latGETnl: 6083 # GET request latency on next level
   latGETnet: 0 # GET request latency on network to next level
 l1i: # Cache stats
  l1i-0: # Filter cache stats
   fhGETS: 267802 # Filtered GETS hits
   fhGETX: 0 # Filtered GETX hits
   hGETS: 7440 # GETS hits
   hGETX: 0 # GETX hits
   mGETS: 213 # GETS misses
   mGETXIM: 0 # GETX I->M misses
   mGETXSM: 0 # GETX S->M misses (upgrade misses)
   PUTS: 0 # Clean evictions (from lower level)
   PUTX: 0 # Dirty evictions (from lower level)
   INV: 0 # Invalidates (from upper level)
   INVX: 0 # Downgrades (from upper level)
   FWD: 0 # Forwards (from upper level)
   latGETnl: 448 # GET request latency on next level
   latGETnet: 0 # GET request latency on network to next level
  l1i-1: # Filter cache stats
   fhGETS: 258920 # Filtered GETS hits
   fhGETX: 0 # Filtered GETX hits
   hGETS: 3667 # GETS hits
   hGETX: 0 # GETX hits
   mGETS: 198 # GETS misses
   mGETXIM: 0 # GETX I->M misses
   mGETXSM: 0 # GETX S->M misses (upgrade misses)
   PUTS: 0 # Clean evictions (from lower level)
   PUTX: 0 # Dirty evictions (from lower level)
   INV: 0 # Invalidates (from upper level)
   INVX: 0 # Downgrades (from upper level)
   FWD: 0 # Forwards (from upper level)
   latGETnl: 542 # GET request latency on next level
   latGETnet: 0 # GET request latency on network to next level
  l1i-2: # Filter cache stats
   fhGETS: 293935 # Filtered GETS hits
   fhGETX: 0 # Filtered GETX hits
   hGETS: 3162 # GETS hits
   hGETX: 0 # GETX hits
   mGETS: 212 # GETS misses
   mGETXIM: 0 # GETX I->M misses
   mGETXSM: 0 # GETX S->M misses (upgrade misses)
   PUTS: 0 # Clean evictions (from lower level)
   PUTX: 0 # Dirty evictions (from lower level)
   INV: 0 # Invalidates (from upper level)
   INVX: 0 # Downgrades (from upper level)
   FWD: 0 # Forwards (from upper level)
   latGETnl: 472 # GET request latency on next level
   latGETnet: 0 # GET request latency on network to next level
  l1i-3: # Filter cache stats
   fhGETS: 275067 # Filtered GETS hits
   fhGETX: 0 # Filtered GETX hits
   hGETS: 3236 # GETS hits
   hGETX: 0 # GETX hits
   mGETS: 130 # GETS misses
   mGETXIM: 0 # GETX I->M misses
   mGETXSM: 0 # GETX S->M misses (upgrade misses)
   PUTS: 0 # Clean evictions (from lower level)
   PUTX: 0 # Dirty evictions (from lower level)
   INV: 0 # Invalidates (from upper level)
   INVX: 0 # Downgrades (from upper level)
   FWD: 0 # Forwards (from upper level)
   latGETnl: 290 # GET request latency on next level
   latGETnet: 0 # GET request latency on network to next level
 l2: # Cache stats
  l2-0: # Cache stats
   hGETS: 0 # GETS hits
   hGETX: 0 # GETX hits
   mGETS: 915 # GETS misses
   mGETXIM: 425 # GETX I->M misses
   mGETXSM: 834 # GETX S->M misses (upgrade misses)
   PUTS: 1 # Clean evictions (from lower level)
   PUTX: 0 # Dirty evictions (from lower level)
   INV: 919 # Invalidates (from upper level)
   INVX: 969 # Downgrades (from upper level)
   FWD: 0 # Forwards (from upper level)
   latGETnl: 5757 # GET request latency on next level
   latGETnet: 0 # GET request latency on network to next level
  l2-1: # Cache stats
   hGETS: 0 # GETS hits
   hGETX: 0 # GETX hits
   mGETS: 1132 # GETS misses
   mGETXIM: 373 # GETX I->M misses
   mGETXSM: 507 # GETX S->M misses (upgrade misses)
   PUTS: 0 # Clean evictions (from lower level)
   PUTX: 0 # Dirty evictions (from lower level)
   INV: 1190 # Invalidates (from upper level)
   INVX: 562 # Downgrades (from upper level)
   FWD: 0 # Forwards (from upper level)
   latGETnl: 5164 # GET request latency on next level
   latGETnet: 0 # GET request latency on network to next level
  l2-2: # Cache stats
   hGETS: 0 # GETS hits
   hGETX: 0 # GETX hits
   mGETS: 1168 # GETS misses
   mGETXIM: 277 # GETX I->M misses
   mGETXSM: 486 # GETX S->M misses (upgrade misses)
   PUTS: 1 # Clean evictions (from lower level)
   PUTX: 0 # Dirty evictions (from lower level)
   INV: 1090 # Invalidates (from upper level)
   INVX: 465 # Downgrades (from upper level)
   FWD: 0 # Forwards (from upper level)
   latGETnl: 4750 # GET request latency on next level
   latGETnet: 0 # GET request latency on network to next level
  l2-3: # Cache stats
   hGETS: 0 # GETS hits
   hGETX: 0 # GETX hits
   mGETS: 1079 # GETS misses
   mGETXIM: 249 # GETX I->M misses
   mGETXSM: 477 # GETX S->M misses (upgrade misses)
   PUTS: 0 # Clean evictions (from lower level)
   PUTX: 0 # Dirty evictions (from lower level)
   INV: 1071 # Invalidates (from upper level)
   INVX: 449 # Downgrades (from upper level)
   FWD: 0 # Forwards (from upper level)
   latGETnl: 4568 # GET request latency on next level
   latGETnet: 0 # GET request latency on network to next level
 l3: # Cache stats
  l3-0b0: # Cache stats
   hGETS: 1172 # GETS hits
   hGETX: 1142 # GETX hits
   mGETS: 94 # GETS misses
   mGETXIM: 53 # GETX I->M misses
   mGETXSM: 0 # GETX S->M misses (upgrade misses)
   PUTS: 0 # Clean evictions (from lower level)
   PUTX: 0 # Dirty evictions (from lower level)
   INV: 0 # Invalidates (from upper level)
   INVX: 0 # Downgrades (from upper level)
   FWD: 0 # Forwards (from upper level)
   latGETnl: 147 # GET request latency on next level
   latGETnet: 0 # GET request latency on network to next level
  l3-0b1: # Cache stats
   hGETS: 974 # GETS hits
   hGETX: 853 # GETX hits
   mGETS: 101 # GETS misses
   mGETXIM: 49 # GETX I->M misses
   mGETXSM: 0 # GETX S->M misses (upgrade misses)
   PUTS: 0 # Clean evictions (from lower level)
   PUTX: 0 # Dirty evictions (from lower level)
   INV: 0 # Invalidates (from upper level)
   INVX: 0 # Downgrades (from upper level)
   FWD: 0 # Forwards (from upper level)
   latGETnl: 150 # GET request latency on next level
   latGETnet: 0 # GET request latency on network to next level
  l3-0b2: # Cache stats
   hGETS: 740 # GETS hits
   hGETX: 518 # GETX hits
   mGETS: 94 # GETS misses
   mGETXIM: 51 # GETX I->M misses
   mGETXSM: 0 # GETX S->M misses (upgrade misses)
   PUTS: 0 # Clean evictions (from lower level)
   PUTX: 0 # Dirty evictions (from lower level)
   INV: 0 # Invalidates (from upper level)
   INVX: 0 # Downgrades (from upper level)
   FWD: 0 # Forwards (from upper level)
   latGETnl: 145 # GET request latency on next level
   latGETnet: 0 # GET request latency on network to next level
  l3-0b3: # Cache stats
   hGETS: 1030 # GETS hits
   hGETX: 908 # GETX hits
   mGETS: 89 # GETS misses
   mGETXIM: 54 # GETX I->M misses
   mGETXSM: 0 # GETX S->M misses (upgrade misses)
   PUTS: 0 # Clean evictions (from lower level)
   PUTX: 0 # Dirty evictions (from lower level)
   INV: 0 # Invalidates (from upper level)
   INVX: 0 # Downgrades (from upper level)
   FWD: 0 # Forwards (from upper level)
   latGETnl: 143 # GET request latency on next level
   latGETnet: 0 # GET request latency on network to next level
 sched: # Scheduler stats
  thCr: 174 # Threads created
  thFn: 174 # Threads finished
  schedEvs: 174 # Schedule events
  waitEvs: 0 # Wait events
  handoffEvs: 0 # Handoff events
  sleepEvs: 0 # Sleep events
  idlePhases: 0 # Phases with no thread active
  idlePeriods: 0 # Periods with no thread active
  occHist: # Occupancy histogram
   0: 0
   1: 6
   2: 23
   3: 37
   4: 103
  rqSzHist: # Run queue size histogram
   0: 169
   1: 0
   2: 0
   3: 0
   4: 0
   5: 0
   6: 0
   7: 0
   8: 0
   9: 0
   10: 0
   11: 0
   12: 0
   13: 0
   14: 0
   15: 0
   16: 0
 procCycles: # Per-process unhalted core cycles
  0: 5471080
  1: 0
  2: 0
  3: 0
  4: 0
  5: 0
  6: 0
  7: 0
  8: 0
  9: 0
  10: 0
  11: 0
  12: 0
  13: 0
  14: 0
  15: 0
  16: 0
  17: 0
  18: 0
  19: 0
  20: 0
  21: 0
  22: 0
  23: 0
  24: 0
  25: 0
  26: 0
  27: 0
  28: 0
  29: 0
  30: 0
  31: 0
  32: 0
  33: 0
  34: 0
  35: 0
  36: 0
  37: 0
  38: 0
  39: 0
  40: 0
  41: 0
  42: 0
  43: 0
  44: 0
  45: 0
  46: 0
  47: 0
  48: 0
  49: 0
  50: 0
  51: 0
  52: 0
  53: 0
  54: 0
  55: 0
  56: 0
  57: 0
  58: 0
  59: 0
  60: 0
  61: 0
  62: 0
  63: 0
 procInstrs: # Per-process instructions
  0: 3948029
  1: 0
  2: 0
  3: 0
  4: 0
  5: 0
  6: 0
  7: 0
  8: 0
  9: 0
  10: 0
  11: 0
  12: 0
  13: 0
  14: 0
  15: 0
  16: 0
  17: 0
  18: 0
  19: 0
  20: 0
  21: 0
  22: 0
  23: 0
  24: 0
  25: 0
  26: 0
  27: 0
  28: 0
  29: 0
  30: 0
  31: 0
  32: 0
  33: 0
  34: 0
  35: 0
  36: 0
  37: 0
  38: 0
  39: 0
  40: 0
  41: 0
  42: 0
  43: 0
  44: 0
  45: 0
  46: 0
  47: 0
  48: 0
  49: 0
  50: 0
  51: 0
  52: 0
  53: 0
  54: 0
  55: 0
  56: 0
  57: 0
  58: 0
  59: 0
  60: 0
  61: 0
  62: 0
  63: 0
 heartbeats: # Per-process heartbeats
  0: 0
  1: 0
  2: 0
  3: 0
  4: 0
  5: 0
  6: 0
  7: 0
  8: 0
  9: 0
  10: 0
  11: 0
  12: 0
  13: 0
  14: 0
  15: 0
  16: 0
  17: 0
  18: 0
  19: 0
  20: 0
  21: 0
  22: 0
  23: 0
  24: 0
  25: 0
  26: 0
  27: 0
  28: 0
  29: 0
  30: 0
  31: 0
  32: 0
  33: 0
  34: 0
  35: 0
  36: 0
  37: 0
  38: 0
  39: 0
  40: 0
  41: 0
  42: 0
  43: 0
  44: 0
  45: 0
  46: 0
  47: 0
  48: 0
  49: 0
  50: 0
  51: 0
  52: 0
  53: 0
  54: 0
  55: 0
  56: 0
  57: 0
  58: 0
  59: 0
  60: 0
  61: 0
  62: 0
  63: 0
===
